Sun Nov 17 22:20:36 2024       
+---------------------------------------------------------------------------------------+
| NVIDIA-SMI 535.86.10              Driver Version: 535.86.10    CUDA Version: 12.2     |
|-----------------------------------------+----------------------+----------------------+
| GPU  Name                 Persistence-M | Bus-Id        Disp.A | Volatile Uncorr. ECC |
| Fan  Temp   Perf          Pwr:Usage/Cap |         Memory-Usage | GPU-Util  Compute M. |
|                                         |                      |               MIG M. |
|=========================================+======================+======================|
|   0  Tesla P100-SXM2-16GB           Off | 00000000:00:04.0 Off |                    0 |
| N/A   40C    P0              32W / 300W |      0MiB / 16384MiB |      0%      Default |
|                                         |                      |                  N/A |
+-----------------------------------------+----------------------+----------------------+
                                                                                         
+---------------------------------------------------------------------------------------+
| Processes:                                                                            |
|  GPU   GI   CI        PID   Type   Process name                            GPU Memory |
|        ID   ID                                                             Usage      |
|=======================================================================================|
|  No running processes found                                                           |
+---------------------------------------------------------------------------------------+
# conda environments:
#
base                     /mnt/shared/home/b30ubckb1/miniconda3
nerf                     /mnt/shared/home/b30ubckb1/miniconda3/envs/nerf
yolov10               *  /mnt/shared/home/b30ubckb1/miniconda3/envs/yolov10

New https://pypi.org/project/ultralytics/8.3.32 available 😃 Update with 'pip install -U ultralytics'
Ultralytics YOLOv8.1.34 🚀 Python-3.9.20 torch-2.0.1+cu117 CUDA:0 (Tesla P100-SXM2-16GB, 16276MiB)
[34m[1mengine/trainer: [0mtask=detect, mode=train, model=weights/yolov10n.pt, data=data.yaml, epochs=100, time=None, patience=100, batch=32, imgsz=640, save=True, save_period=-1, val_period=1, cache=False, device=None, workers=8, project=None, name=train15, exist_ok=False, pretrained=True, optimizer=auto, verbose=True, seed=0, deterministic=True, single_cls=False, rect=False, cos_lr=False, close_mosaic=10, resume=False, amp=True, fraction=1.0, profile=False, freeze=None, multi_scale=False, overlap_mask=True, mask_ratio=4, dropout=0.0, val=True, split=val, save_json=False, save_hybrid=False, conf=None, iou=0.7, max_det=300, half=False, dnn=False, plots=True, source=None, vid_stride=1, stream_buffer=False, visualize=False, augment=False, agnostic_nms=False, classes=None, retina_masks=False, embed=None, show=False, save_frames=False, save_txt=False, save_conf=False, save_crop=False, show_labels=True, show_conf=True, show_boxes=True, line_width=None, format=torchscript, keras=False, optimize=False, int8=False, dynamic=False, simplify=False, opset=None, workspace=4, nms=False, lr0=0.01, lrf=0.01, momentum=0.937, weight_decay=0.0005, warmup_epochs=3.0, warmup_momentum=0.8, warmup_bias_lr=0.1, box=7.5, cls=0.5, dfl=1.5, pose=12.0, kobj=1.0, label_smoothing=0.0, nbs=64, hsv_h=0.015, hsv_s=0.7, hsv_v=0.4, degrees=0.0, translate=0.1, scale=0.5, shear=0.0, perspective=0.0, flipud=0.0, fliplr=0.5, bgr=0.0, mosaic=1.0, mixup=0.0, copy_paste=0.0, auto_augment=randaugment, erasing=0.4, crop_fraction=1.0, cfg=None, tracker=botsort.yaml, save_dir=runs/detect/train15
Downloading https://ultralytics.com/assets/Arial.ttf to '/mnt/shared/home/b30ubckb1/.config/yolov10/Arial.ttf'...
Overriding model.yaml nc=80 with nc=5

                   from  n    params  module                                       arguments                     
  0                  -1  1       464  ultralytics.nn.modules.conv.Conv             [3, 16, 3, 2]                 
  1                  -1  1      4672  ultralytics.nn.modules.conv.Conv             [16, 32, 3, 2]                
  2                  -1  1      7360  ultralytics.nn.modules.block.C2f             [32, 32, 1, True]             
  3                  -1  1     18560  ultralytics.nn.modules.conv.Conv             [32, 64, 3, 2]                
  4                  -1  2     49664  ultralytics.nn.modules.block.C2f             [64, 64, 2, True]             
  5                  -1  1      9856  ultralytics.nn.modules.block.SCDown          [64, 128, 3, 2]               
  6                  -1  2    197632  ultralytics.nn.modules.block.C2f             [128, 128, 2, True]           
  7                  -1  1     36096  ultralytics.nn.modules.block.SCDown          [128, 256, 3, 2]              
  8                  -1  1    460288  ultralytics.nn.modules.block.C2f             [256, 256, 1, True]           
  9                  -1  1    164608  ultralytics.nn.modules.block.SPPF            [256, 256, 5]                 
 10                  -1  1    249728  ultralytics.nn.modules.block.PSA             [256, 256]                    
 11                  -1  1         0  torch.nn.modules.upsampling.Upsample         [None, 2, 'nearest']          
 12             [-1, 6]  1         0  ultralytics.nn.modules.conv.Concat           [1]                           
 13                  -1  1    148224  ultralytics.nn.modules.block.C2f             [384, 128, 1]                 
 14                  -1  1         0  torch.nn.modules.upsampling.Upsample         [None, 2, 'nearest']          
 15             [-1, 4]  1         0  ultralytics.nn.modules.conv.Concat           [1]                           
 16                  -1  1     37248  ultralytics.nn.modules.block.C2f             [192, 64, 1]                  
 17                  -1  1     36992  ultralytics.nn.modules.conv.Conv             [64, 64, 3, 2]                
 18            [-1, 13]  1         0  ultralytics.nn.modules.conv.Concat           [1]                           
 19                  -1  1    123648  ultralytics.nn.modules.block.C2f             [192, 128, 1]                 
 20                  -1  1     18048  ultralytics.nn.modules.block.SCDown          [128, 128, 3, 2]              
 21            [-1, 10]  1         0  ultralytics.nn.modules.conv.Concat           [1]                           
 22                  -1  1    282624  ultralytics.nn.modules.block.C2fCIB          [384, 256, 1, True, True]     
 23        [16, 19, 22]  1    863278  ultralytics.nn.modules.head.v10Detect        [5, [64, 128, 256]]           
YOLOv10n summary: 385 layers, 2708990 parameters, 2708974 gradients, 8.4 GFLOPs

Transferred 493/595 items from pretrained weights
Freezing layer 'model.23.dfl.conv.weight'
[34m[1mAMP: [0mrunning Automatic Mixed Precision (AMP) checks with YOLOv8n...
[34m[1mAMP: [0mchecks passed ✅
[34m[1mtrain: [0mWARNING ⚠️ /mnt/shared/home/b30ubckb1/Project_YOLO/datasets/dataset1/images/train/hv2_10.png: ignoring corrupt image/label: non-normalized or out of bounds coordinates [      1.102]
[34m[1mtrain: [0mWARNING ⚠️ /mnt/shared/home/b30ubckb1/Project_YOLO/datasets/dataset1/images/train/hv2_16.png: ignoring corrupt image/label: non-normalized or out of bounds coordinates [     1.0967]
[34m[1mtrain: [0mNew cache created: /mnt/shared/home/b30ubckb1/Project_YOLO/datasets/dataset1/labels/train.cache
[34m[1mval: [0mNew cache created: /mnt/shared/home/b30ubckb1/Project_YOLO/datasets/dataset1/labels/val.cache
Plotting labels to runs/detect/train15/labels.jpg... 
[34m[1moptimizer:[0m 'optimizer=auto' found, ignoring 'lr0=0.01' and 'momentum=0.937' and determining best 'optimizer', 'lr0' and 'momentum' automatically... 
[34m[1moptimizer:[0m AdamW(lr=0.001111, momentum=0.9) with parameter groups 95 weight(decay=0.0), 108 weight(decay=0.0005), 107 bias(decay=0.0)
Image sizes 640 train, 640 val
Using 8 dataloader workers
Logging results to [1mruns/detect/train15[0m
Starting training for 100 epochs...

      Epoch    GPU_mem     box_om     cls_om     dfl_om     box_oo     cls_oo     dfl_oo  Instances       Size
                   all        100        773      0.535      0.135      0.193      0.094

      Epoch    GPU_mem     box_om     cls_om     dfl_om     box_oo     cls_oo     dfl_oo  Instances       Size
                   all        100        773      0.402      0.277      0.265      0.133

      Epoch    GPU_mem     box_om     cls_om     dfl_om     box_oo     cls_oo     dfl_oo  Instances       Size
                   all        100        773      0.281      0.361      0.276      0.135

      Epoch    GPU_mem     box_om     cls_om     dfl_om     box_oo     cls_oo     dfl_oo  Instances       Size
                   all        100        773      0.303      0.299      0.254       0.13

      Epoch    GPU_mem     box_om     cls_om     dfl_om     box_oo     cls_oo     dfl_oo  Instances       Size
                   all        100        773      0.449      0.255      0.271      0.141

      Epoch    GPU_mem     box_om     cls_om     dfl_om     box_oo     cls_oo     dfl_oo  Instances       Size
                   all        100        773      0.298      0.384      0.351      0.176

      Epoch    GPU_mem     box_om     cls_om     dfl_om     box_oo     cls_oo     dfl_oo  Instances       Size
                   all        100        773       0.44       0.32      0.328      0.165

      Epoch    GPU_mem     box_om     cls_om     dfl_om     box_oo     cls_oo     dfl_oo  Instances       Size
                   all        100        773      0.534      0.346      0.393      0.199

      Epoch    GPU_mem     box_om     cls_om     dfl_om     box_oo     cls_oo     dfl_oo  Instances       Size
                   all        100        773      0.462      0.321       0.36      0.187

      Epoch    GPU_mem     box_om     cls_om     dfl_om     box_oo     cls_oo     dfl_oo  Instances       Size
                   all        100        773      0.482      0.373      0.406      0.212

      Epoch    GPU_mem     box_om     cls_om     dfl_om     box_oo     cls_oo     dfl_oo  Instances       Size
                   all        100        773      0.383      0.368      0.364       0.19

      Epoch    GPU_mem     box_om     cls_om     dfl_om     box_oo     cls_oo     dfl_oo  Instances       Size
                   all        100        773       0.56      0.369      0.387      0.202

      Epoch    GPU_mem     box_om     cls_om     dfl_om     box_oo     cls_oo     dfl_oo  Instances       Size
                   all        100        773      0.481      0.362      0.393      0.211

      Epoch    GPU_mem     box_om     cls_om     dfl_om     box_oo     cls_oo     dfl_oo  Instances       Size
                   all        100        773      0.505      0.484       0.45      0.247

      Epoch    GPU_mem     box_om     cls_om     dfl_om     box_oo     cls_oo     dfl_oo  Instances       Size
                   all        100        773      0.541       0.36      0.425      0.233

      Epoch    GPU_mem     box_om     cls_om     dfl_om     box_oo     cls_oo     dfl_oo  Instances       Size
                   all        100        773      0.628      0.348      0.428      0.233

      Epoch    GPU_mem     box_om     cls_om     dfl_om     box_oo     cls_oo     dfl_oo  Instances       Size
                   all        100        773      0.577      0.397      0.422      0.239

      Epoch    GPU_mem     box_om     cls_om     dfl_om     box_oo     cls_oo     dfl_oo  Instances       Size
                   all        100        773      0.469      0.428      0.393      0.199

      Epoch    GPU_mem     box_om     cls_om     dfl_om     box_oo     cls_oo     dfl_oo  Instances       Size
                   all        100        773      0.559      0.413      0.407      0.219

      Epoch    GPU_mem     box_om     cls_om     dfl_om     box_oo     cls_oo     dfl_oo  Instances       Size
                   all        100        773      0.426      0.378      0.426      0.239

      Epoch    GPU_mem     box_om     cls_om     dfl_om     box_oo     cls_oo     dfl_oo  Instances       Size
                   all        100        773      0.547      0.353       0.39      0.214

      Epoch    GPU_mem     box_om     cls_om     dfl_om     box_oo     cls_oo     dfl_oo  Instances       Size
                   all        100        773      0.531      0.444      0.478      0.263

      Epoch    GPU_mem     box_om     cls_om     dfl_om     box_oo     cls_oo     dfl_oo  Instances       Size
                   all        100        773      0.591      0.403      0.462      0.248

      Epoch    GPU_mem     box_om     cls_om     dfl_om     box_oo     cls_oo     dfl_oo  Instances       Size
                   all        100        773      0.565        0.4      0.458      0.234

      Epoch    GPU_mem     box_om     cls_om     dfl_om     box_oo     cls_oo     dfl_oo  Instances       Size
                   all        100        773      0.664      0.422      0.504       0.27

      Epoch    GPU_mem     box_om     cls_om     dfl_om     box_oo     cls_oo     dfl_oo  Instances       Size
                   all        100        773      0.594       0.44      0.494      0.264

      Epoch    GPU_mem     box_om     cls_om     dfl_om     box_oo     cls_oo     dfl_oo  Instances       Size
                   all        100        773      0.645      0.381      0.468       0.26

      Epoch    GPU_mem     box_om     cls_om     dfl_om     box_oo     cls_oo     dfl_oo  Instances       Size
                   all        100        773      0.614       0.45      0.504       0.29

      Epoch    GPU_mem     box_om     cls_om     dfl_om     box_oo     cls_oo     dfl_oo  Instances       Size
                   all        100        773      0.545      0.432      0.479      0.262

      Epoch    GPU_mem     box_om     cls_om     dfl_om     box_oo     cls_oo     dfl_oo  Instances       Size
                   all        100        773      0.594      0.445      0.481      0.259

      Epoch    GPU_mem     box_om     cls_om     dfl_om     box_oo     cls_oo     dfl_oo  Instances       Size
                   all        100        773      0.548      0.431      0.476      0.272

      Epoch    GPU_mem     box_om     cls_om     dfl_om     box_oo     cls_oo     dfl_oo  Instances       Size
                   all        100        773      0.599      0.434      0.481      0.269

      Epoch    GPU_mem     box_om     cls_om     dfl_om     box_oo     cls_oo     dfl_oo  Instances       Size
                   all        100        773      0.537      0.416      0.481      0.272

      Epoch    GPU_mem     box_om     cls_om     dfl_om     box_oo     cls_oo     dfl_oo  Instances       Size
                   all        100        773      0.635      0.487      0.535      0.288

      Epoch    GPU_mem     box_om     cls_om     dfl_om     box_oo     cls_oo     dfl_oo  Instances       Size
                   all        100        773      0.531      0.456      0.475      0.273

      Epoch    GPU_mem     box_om     cls_om     dfl_om     box_oo     cls_oo     dfl_oo  Instances       Size
                   all        100        773       0.53      0.445      0.465      0.259

      Epoch    GPU_mem     box_om     cls_om     dfl_om     box_oo     cls_oo     dfl_oo  Instances       Size
                   all        100        773       0.58      0.472      0.505      0.279

      Epoch    GPU_mem     box_om     cls_om     dfl_om     box_oo     cls_oo     dfl_oo  Instances       Size
                   all        100        773      0.493      0.455      0.486      0.276

      Epoch    GPU_mem     box_om     cls_om     dfl_om     box_oo     cls_oo     dfl_oo  Instances       Size
                   all        100        773      0.583      0.433      0.494      0.276

      Epoch    GPU_mem     box_om     cls_om     dfl_om     box_oo     cls_oo     dfl_oo  Instances       Size
                   all        100        773      0.635       0.43      0.497      0.289

      Epoch    GPU_mem     box_om     cls_om     dfl_om     box_oo     cls_oo     dfl_oo  Instances       Size
                   all        100        773      0.558       0.44      0.499      0.282

      Epoch    GPU_mem     box_om     cls_om     dfl_om     box_oo     cls_oo     dfl_oo  Instances       Size
                   all        100        773      0.589       0.45      0.493      0.276

      Epoch    GPU_mem     box_om     cls_om     dfl_om     box_oo     cls_oo     dfl_oo  Instances       Size
                   all        100        773      0.585      0.472        0.5      0.281

      Epoch    GPU_mem     box_om     cls_om     dfl_om     box_oo     cls_oo     dfl_oo  Instances       Size
                   all        100        773      0.601      0.474      0.525      0.297

      Epoch    GPU_mem     box_om     cls_om     dfl_om     box_oo     cls_oo     dfl_oo  Instances       Size
                   all        100        773      0.562      0.496      0.517      0.299

      Epoch    GPU_mem     box_om     cls_om     dfl_om     box_oo     cls_oo     dfl_oo  Instances       Size
                   all        100        773      0.552      0.487       0.51      0.296

      Epoch    GPU_mem     box_om     cls_om     dfl_om     box_oo     cls_oo     dfl_oo  Instances       Size
                   all        100        773      0.572      0.477      0.503      0.292

      Epoch    GPU_mem     box_om     cls_om     dfl_om     box_oo     cls_oo     dfl_oo  Instances       Size
                   all        100        773      0.602      0.431      0.481      0.276

      Epoch    GPU_mem     box_om     cls_om     dfl_om     box_oo     cls_oo     dfl_oo  Instances       Size
                   all        100        773       0.63      0.475      0.525      0.293

      Epoch    GPU_mem     box_om     cls_om     dfl_om     box_oo     cls_oo     dfl_oo  Instances       Size
                   all        100        773      0.641      0.465      0.521      0.292

      Epoch    GPU_mem     box_om     cls_om     dfl_om     box_oo     cls_oo     dfl_oo  Instances       Size
                   all        100        773      0.568      0.443      0.486      0.278

      Epoch    GPU_mem     box_om     cls_om     dfl_om     box_oo     cls_oo     dfl_oo  Instances       Size
                   all        100        773      0.512      0.487      0.508      0.287

      Epoch    GPU_mem     box_om     cls_om     dfl_om     box_oo     cls_oo     dfl_oo  Instances       Size
                   all        100        773      0.512      0.528      0.522      0.296

      Epoch    GPU_mem     box_om     cls_om     dfl_om     box_oo     cls_oo     dfl_oo  Instances       Size
                   all        100        773      0.563      0.496      0.504      0.289

      Epoch    GPU_mem     box_om     cls_om     dfl_om     box_oo     cls_oo     dfl_oo  Instances       Size
                   all        100        773      0.644      0.432      0.502      0.281

      Epoch    GPU_mem     box_om     cls_om     dfl_om     box_oo     cls_oo     dfl_oo  Instances       Size
                   all        100        773      0.582      0.512      0.535      0.305

      Epoch    GPU_mem     box_om     cls_om     dfl_om     box_oo     cls_oo     dfl_oo  Instances       Size
                   all        100        773      0.652      0.452      0.515      0.289

      Epoch    GPU_mem     box_om     cls_om     dfl_om     box_oo     cls_oo     dfl_oo  Instances       Size
                   all        100        773      0.559      0.505      0.522      0.295

      Epoch    GPU_mem     box_om     cls_om     dfl_om     box_oo     cls_oo     dfl_oo  Instances       Size
                   all        100        773      0.665      0.477      0.518      0.298

      Epoch    GPU_mem     box_om     cls_om     dfl_om     box_oo     cls_oo     dfl_oo  Instances       Size
                   all        100        773      0.555      0.548      0.538      0.307

      Epoch    GPU_mem     box_om     cls_om     dfl_om     box_oo     cls_oo     dfl_oo  Instances       Size
                   all        100        773      0.628       0.47      0.521      0.291

      Epoch    GPU_mem     box_om     cls_om     dfl_om     box_oo     cls_oo     dfl_oo  Instances       Size
                   all        100        773      0.594      0.514       0.52      0.292

      Epoch    GPU_mem     box_om     cls_om     dfl_om     box_oo     cls_oo     dfl_oo  Instances       Size
                   all        100        773      0.546      0.493      0.518      0.294

      Epoch    GPU_mem     box_om     cls_om     dfl_om     box_oo     cls_oo     dfl_oo  Instances       Size
                   all        100        773      0.651      0.467       0.53      0.299

      Epoch    GPU_mem     box_om     cls_om     dfl_om     box_oo     cls_oo     dfl_oo  Instances       Size
                   all        100        773      0.644      0.496      0.539      0.307

      Epoch    GPU_mem     box_om     cls_om     dfl_om     box_oo     cls_oo     dfl_oo  Instances       Size
                   all        100        773      0.605      0.512      0.543      0.309

      Epoch    GPU_mem     box_om     cls_om     dfl_om     box_oo     cls_oo     dfl_oo  Instances       Size
                   all        100        773      0.574       0.49      0.518        0.3

      Epoch    GPU_mem     box_om     cls_om     dfl_om     box_oo     cls_oo     dfl_oo  Instances       Size
                   all        100        773       0.66      0.455      0.521      0.298

      Epoch    GPU_mem     box_om     cls_om     dfl_om     box_oo     cls_oo     dfl_oo  Instances       Size
                   all        100        773      0.652      0.477      0.521      0.298

      Epoch    GPU_mem     box_om     cls_om     dfl_om     box_oo     cls_oo     dfl_oo  Instances       Size
                   all        100        773      0.616      0.498      0.538      0.314

      Epoch    GPU_mem     box_om     cls_om     dfl_om     box_oo     cls_oo     dfl_oo  Instances       Size
                   all        100        773      0.605      0.501      0.526      0.296

      Epoch    GPU_mem     box_om     cls_om     dfl_om     box_oo     cls_oo     dfl_oo  Instances       Size
                   all        100        773      0.676      0.507      0.538      0.312

      Epoch    GPU_mem     box_om     cls_om     dfl_om     box_oo     cls_oo     dfl_oo  Instances       Size
                   all        100        773      0.702      0.458      0.535      0.315

      Epoch    GPU_mem     box_om     cls_om     dfl_om     box_oo     cls_oo     dfl_oo  Instances       Size
                   all        100        773      0.696      0.487      0.539      0.316

      Epoch    GPU_mem     box_om     cls_om     dfl_om     box_oo     cls_oo     dfl_oo  Instances       Size
                   all        100        773      0.595      0.498      0.536      0.303

      Epoch    GPU_mem     box_om     cls_om     dfl_om     box_oo     cls_oo     dfl_oo  Instances       Size
                   all        100        773      0.634      0.503      0.548      0.313

      Epoch    GPU_mem     box_om     cls_om     dfl_om     box_oo     cls_oo     dfl_oo  Instances       Size
                   all        100        773      0.673      0.501      0.545      0.315

      Epoch    GPU_mem     box_om     cls_om     dfl_om     box_oo     cls_oo     dfl_oo  Instances       Size
                   all        100        773      0.643      0.502      0.544      0.316

      Epoch    GPU_mem     box_om     cls_om     dfl_om     box_oo     cls_oo     dfl_oo  Instances       Size
                   all        100        773      0.645      0.468      0.536      0.306

      Epoch    GPU_mem     box_om     cls_om     dfl_om     box_oo     cls_oo     dfl_oo  Instances       Size
                   all        100        773       0.64      0.514      0.546      0.316

      Epoch    GPU_mem     box_om     cls_om     dfl_om     box_oo     cls_oo     dfl_oo  Instances       Size
                   all        100        773      0.609      0.498       0.54      0.316

      Epoch    GPU_mem     box_om     cls_om     dfl_om     box_oo     cls_oo     dfl_oo  Instances       Size
                   all        100        773      0.623      0.514      0.548      0.316

      Epoch    GPU_mem     box_om     cls_om     dfl_om     box_oo     cls_oo     dfl_oo  Instances       Size
                   all        100        773      0.628      0.493      0.539      0.309

      Epoch    GPU_mem     box_om     cls_om     dfl_om     box_oo     cls_oo     dfl_oo  Instances       Size
                   all        100        773      0.641       0.48      0.558      0.325

      Epoch    GPU_mem     box_om     cls_om     dfl_om     box_oo     cls_oo     dfl_oo  Instances       Size
                   all        100        773      0.682      0.505      0.567      0.329

      Epoch    GPU_mem     box_om     cls_om     dfl_om     box_oo     cls_oo     dfl_oo  Instances       Size
                   all        100        773      0.655      0.475      0.546      0.316

      Epoch    GPU_mem     box_om     cls_om     dfl_om     box_oo     cls_oo     dfl_oo  Instances       Size
                   all        100        773      0.624      0.535      0.549      0.322

      Epoch    GPU_mem     box_om     cls_om     dfl_om     box_oo     cls_oo     dfl_oo  Instances       Size
                   all        100        773      0.651      0.486      0.544       0.31

      Epoch    GPU_mem     box_om     cls_om     dfl_om     box_oo     cls_oo     dfl_oo  Instances       Size
                   all        100        773      0.647      0.501      0.546      0.313

      Epoch    GPU_mem     box_om     cls_om     dfl_om     box_oo     cls_oo     dfl_oo  Instances       Size
                   all        100        773      0.677      0.489      0.546      0.317
Closing dataloader mosaic

      Epoch    GPU_mem     box_om     cls_om     dfl_om     box_oo     cls_oo     dfl_oo  Instances       Size
                   all        100        773      0.584        0.5      0.539      0.317

      Epoch    GPU_mem     box_om     cls_om     dfl_om     box_oo     cls_oo     dfl_oo  Instances       Size
                   all        100        773      0.626      0.496      0.548      0.321

      Epoch    GPU_mem     box_om     cls_om     dfl_om     box_oo     cls_oo     dfl_oo  Instances       Size
                   all        100        773      0.697      0.488      0.549      0.319

      Epoch    GPU_mem     box_om     cls_om     dfl_om     box_oo     cls_oo     dfl_oo  Instances       Size
                   all        100        773      0.687      0.487      0.536      0.311

      Epoch    GPU_mem     box_om     cls_om     dfl_om     box_oo     cls_oo     dfl_oo  Instances       Size
                   all        100        773      0.684      0.481      0.546      0.316

      Epoch    GPU_mem     box_om     cls_om     dfl_om     box_oo     cls_oo     dfl_oo  Instances       Size
                   all        100        773      0.714      0.466      0.543      0.321

      Epoch    GPU_mem     box_om     cls_om     dfl_om     box_oo     cls_oo     dfl_oo  Instances       Size
                   all        100        773      0.658      0.482      0.541      0.319

      Epoch    GPU_mem     box_om     cls_om     dfl_om     box_oo     cls_oo     dfl_oo  Instances       Size
                   all        100        773       0.67      0.522      0.565      0.324

      Epoch    GPU_mem     box_om     cls_om     dfl_om     box_oo     cls_oo     dfl_oo  Instances       Size
                   all        100        773      0.676       0.48      0.544      0.321

      Epoch    GPU_mem     box_om     cls_om     dfl_om     box_oo     cls_oo     dfl_oo  Instances       Size
                   all        100        773      0.682      0.482      0.545      0.321

100 epochs completed in 1.526 hours.
Optimizer stripped from runs/detect/train15/weights/last.pt, 5.8MB
Optimizer stripped from runs/detect/train15/weights/best.pt, 5.8MB

Validating runs/detect/train15/weights/best.pt...
Ultralytics YOLOv8.1.34 🚀 Python-3.9.20 torch-2.0.1+cu117 CUDA:0 (Tesla P100-SXM2-16GB, 16276MiB)
YOLOv10n summary (fused): 285 layers, 2696366 parameters, 0 gradients, 8.2 GFLOPs
                   all        100        773      0.682      0.505      0.566      0.329
           pedestrians        100        173      0.613      0.474      0.516      0.223
                  cars        100        479      0.747      0.727      0.771      0.474
                 buses        100         49      0.694      0.571      0.631      0.374
              bicycles        100         12      0.713      0.333      0.428      0.284
            motorbikes        100         60      0.642      0.419      0.485      0.287
Speed: 1.5ms preprocess, 8.0ms inference, 0.0ms loss, 0.2ms postprocess per image
Results saved to [1mruns/detect/train15[0m
