Sat Feb 15 18:33:31 2025       
+---------------------------------------------------------------------------------------+
| NVIDIA-SMI 535.86.10              Driver Version: 535.86.10    CUDA Version: 12.2     |
|-----------------------------------------+----------------------+----------------------+
| GPU  Name                 Persistence-M | Bus-Id        Disp.A | Volatile Uncorr. ECC |
| Fan  Temp   Perf          Pwr:Usage/Cap |         Memory-Usage | GPU-Util  Compute M. |
|                                         |                      |               MIG M. |
|=========================================+======================+======================|
|   0  Tesla P100-SXM2-16GB           Off | 00000000:00:04.0 Off |                    0 |
| N/A   40C    P0              31W / 300W |      0MiB / 16384MiB |      0%      Default |
|                                         |                      |                  N/A |
+-----------------------------------------+----------------------+----------------------+
                                                                                         
+---------------------------------------------------------------------------------------+
| Processes:                                                                            |
|  GPU   GI   CI        PID   Type   Process name                            GPU Memory |
|        ID   ID                                                             Usage      |
|=======================================================================================|
|  No running processes found                                                           |
+---------------------------------------------------------------------------------------+
# conda environments:
#
base                     /mnt/shared/home/b30ubckb1/miniconda3
nerf                     /mnt/shared/home/b30ubckb1/miniconda3/envs/nerf
yolov10               *  /mnt/shared/home/b30ubckb1/miniconda3/envs/yolov10

New https://pypi.org/project/ultralytics/8.3.75 available 😃 Update with 'pip install -U ultralytics'
Ultralytics YOLOv8.1.34 🚀 Python-3.9.20 torch-2.0.1+cu117 CUDA:0 (Tesla P100-SXM2-16GB, 16276MiB)
[34m[1mengine/trainer: [0mtask=detect, mode=train, model=yolov10n-dehaze.yaml, data=data.yaml, epochs=100, time=None, patience=100, batch=32, imgsz=640, save=True, save_period=-1, val_period=1, cache=False, device=None, workers=8, project=None, name=train18, exist_ok=False, pretrained=True, optimizer=auto, verbose=True, seed=0, deterministic=True, single_cls=False, rect=False, cos_lr=False, close_mosaic=10, resume=False, amp=True, fraction=1.0, profile=False, freeze=None, multi_scale=False, overlap_mask=True, mask_ratio=4, dropout=0.0, val=True, split=val, save_json=False, save_hybrid=False, conf=None, iou=0.7, max_det=300, half=False, dnn=False, plots=True, source=None, vid_stride=1, stream_buffer=False, visualize=False, augment=False, agnostic_nms=False, classes=None, retina_masks=False, embed=None, show=False, save_frames=False, save_txt=False, save_conf=False, save_crop=False, show_labels=True, show_conf=True, show_boxes=True, line_width=None, format=torchscript, keras=False, optimize=False, int8=False, dynamic=False, simplify=False, opset=None, workspace=4, nms=False, lr0=0.01, lrf=0.01, momentum=0.937, weight_decay=0.0005, warmup_epochs=3.0, warmup_momentum=0.8, warmup_bias_lr=0.1, box=7.5, cls=0.5, dfl=1.5, pose=12.0, kobj=1.0, label_smoothing=0.0, nbs=64, hsv_h=0.015, hsv_s=0.7, hsv_v=0.4, degrees=0.0, translate=0.1, scale=0.5, shear=0.0, perspective=0.0, flipud=0.0, fliplr=0.5, bgr=0.0, mosaic=1.0, mixup=0.0, copy_paste=0.0, auto_augment=randaugment, erasing=0.4, crop_fraction=1.0, cfg=None, tracker=botsort.yaml, save_dir=runs/detect/train18

                   from  n    params  module                                       arguments                     
  0                  -1  1      1793  ultralytics.nn.modules.block.AODNet          [3, 8]                        
  1                  -1  1      1184  ultralytics.nn.modules.conv.Conv             [8, 16, 3, 2]                 
  2                  -1  1      4672  ultralytics.nn.modules.conv.Conv             [16, 32, 3, 2]                
  3                  -1  1      7360  ultralytics.nn.modules.block.C2f             [32, 32, 1, True]             
  4                  -1  1     18560  ultralytics.nn.modules.conv.Conv             [32, 64, 3, 2]                
  5                  -1  2     49664  ultralytics.nn.modules.block.C2f             [64, 64, 2, True]             
  6                  -1  1      9856  ultralytics.nn.modules.block.SCDown          [64, 128, 3, 2]               
  7                  -1  2    197632  ultralytics.nn.modules.block.C2f             [128, 128, 2, True]           
  8                  -1  1     36096  ultralytics.nn.modules.block.SCDown          [128, 256, 3, 2]              
  9                  -1  1    460288  ultralytics.nn.modules.block.C2f             [256, 256, 1, True]           
 10                  -1  1    164608  ultralytics.nn.modules.block.SPPF            [256, 256, 5]                 
 11                  -1  1    249728  ultralytics.nn.modules.block.PSA             [256, 256]                    
 12                  -1  1         0  torch.nn.modules.upsampling.Upsample         [None, 2, 'nearest']          
 13             [-1, 6]  1         0  ultralytics.nn.modules.conv.Concat           [1]                           
 14                  -1  1    148224  ultralytics.nn.modules.block.C2f             [384, 128, 1]                 
 15                  -1  1         0  torch.nn.modules.upsampling.Upsample         [None, 2, 'nearest']          
 16             [-1, 4]  1         0  ultralytics.nn.modules.conv.Concat           [1]                           
 17                  -1  1     37248  ultralytics.nn.modules.block.C2f             [192, 64, 1]                  
 18                  -1  1     36992  ultralytics.nn.modules.conv.Conv             [64, 64, 3, 2]                
 19            [-1, 13]  1         0  ultralytics.nn.modules.conv.Concat           [1]                           
 20                  -1  1    156416  ultralytics.nn.modules.block.C2f             [448, 128, 1]                 
 21                  -1  1     18048  ultralytics.nn.modules.block.SCDown          [128, 128, 3, 2]              
 22            [-1, 10]  1         0  ultralytics.nn.modules.conv.Concat           [1]                           
 23                  -1  1    282624  ultralytics.nn.modules.block.C2fCIB          [384, 256, 1, True, True]     
 24        [16, 19, 22]  1   2087342  ultralytics.nn.modules.head.v10Detect        [5, [192, 448, 384]]          
YOLOv10n-dehaze summary: 393 layers, 3968335 parameters, 3968319 gradients, 16.0 GFLOPs

Freezing layer 'model.24.dfl.conv.weight'
[34m[1mAMP: [0mrunning Automatic Mixed Precision (AMP) checks with YOLOv8n...
[34m[1mAMP: [0mchecks passed ✅
[34m[1mtrain: [0mWARNING ⚠️ /mnt/shared/home/b30ubckb1/Project_YOLO/datasets/dataset1/images/train/AM_Bing_211.png: ignoring corrupt image/label: Truncated File Read
[34m[1mtrain: [0mWARNING ⚠️ /mnt/shared/home/b30ubckb1/Project_YOLO/datasets/dataset1/images/train/hv2_10.png: ignoring corrupt image/label: non-normalized or out of bounds coordinates [      1.102]
[34m[1mtrain: [0mWARNING ⚠️ /mnt/shared/home/b30ubckb1/Project_YOLO/datasets/dataset1/images/train/hv2_16.png: ignoring corrupt image/label: non-normalized or out of bounds coordinates [     1.0967]
Plotting labels to runs/detect/train18/labels.jpg... 
[34m[1moptimizer:[0m 'optimizer=auto' found, ignoring 'lr0=0.01' and 'momentum=0.937' and determining best 'optimizer', 'lr0' and 'momentum' automatically... 
[34m[1moptimizer:[0m AdamW(lr=0.001111, momentum=0.9) with parameter groups 95 weight(decay=0.0), 114 weight(decay=0.0005), 113 bias(decay=0.0)
Image sizes 640 train, 640 val
Using 8 dataloader workers
Logging results to [1mruns/detect/train18[0m
Starting training for 100 epochs...

      Epoch    GPU_mem     box_om     cls_om     dfl_om     box_oo     cls_oo     dfl_oo  Instances       Size
                   all        100        773          0          0          0          0

      Epoch    GPU_mem     box_om     cls_om     dfl_om     box_oo     cls_oo     dfl_oo  Instances       Size
                   all        100        773      0.402    0.00752   0.000657   0.000248

      Epoch    GPU_mem     box_om     cls_om     dfl_om     box_oo     cls_oo     dfl_oo  Instances       Size
                   all        100        773    0.00218     0.0557    0.00366    0.00143

      Epoch    GPU_mem     box_om     cls_om     dfl_om     box_oo     cls_oo     dfl_oo  Instances       Size
                   all        100        773      0.655     0.0175     0.0161    0.00756

      Epoch    GPU_mem     box_om     cls_om     dfl_om     box_oo     cls_oo     dfl_oo  Instances       Size
                   all        100        773      0.714     0.0244     0.0305     0.0174

      Epoch    GPU_mem     box_om     cls_om     dfl_om     box_oo     cls_oo     dfl_oo  Instances       Size
                   all        100        773      0.504     0.0282      0.047     0.0183

      Epoch    GPU_mem     box_om     cls_om     dfl_om     box_oo     cls_oo     dfl_oo  Instances       Size
                   all        100        773      0.715     0.0117     0.0216     0.0132

      Epoch    GPU_mem     box_om     cls_om     dfl_om     box_oo     cls_oo     dfl_oo  Instances       Size
                   all        100        773      0.368      0.235      0.229      0.102

      Epoch    GPU_mem     box_om     cls_om     dfl_om     box_oo     cls_oo     dfl_oo  Instances       Size
                   all        100        773      0.273      0.127      0.132     0.0688

      Epoch    GPU_mem     box_om     cls_om     dfl_om     box_oo     cls_oo     dfl_oo  Instances       Size
                   all        100        773      0.304      0.155      0.173     0.0836

      Epoch    GPU_mem     box_om     cls_om     dfl_om     box_oo     cls_oo     dfl_oo  Instances       Size
                   all        100        773      0.266      0.218      0.176     0.0933

      Epoch    GPU_mem     box_om     cls_om     dfl_om     box_oo     cls_oo     dfl_oo  Instances       Size
                   all        100        773       0.33      0.156      0.159     0.0854

      Epoch    GPU_mem     box_om     cls_om     dfl_om     box_oo     cls_oo     dfl_oo  Instances       Size
                   all        100        773      0.696     0.0388     0.0454     0.0278

      Epoch    GPU_mem     box_om     cls_om     dfl_om     box_oo     cls_oo     dfl_oo  Instances       Size
                   all        100        773      0.462      0.147      0.159     0.0837

      Epoch    GPU_mem     box_om     cls_om     dfl_om     box_oo     cls_oo     dfl_oo  Instances       Size
                   all        100        773       0.44      0.112      0.121     0.0668

      Epoch    GPU_mem     box_om     cls_om     dfl_om     box_oo     cls_oo     dfl_oo  Instances       Size
                   all        100        773       0.41       0.22      0.248      0.119

      Epoch    GPU_mem     box_om     cls_om     dfl_om     box_oo     cls_oo     dfl_oo  Instances       Size
                   all        100        773      0.264      0.175      0.182     0.0929

      Epoch    GPU_mem     box_om     cls_om     dfl_om     box_oo     cls_oo     dfl_oo  Instances       Size
                   all        100        773      0.329      0.266      0.248      0.116

      Epoch    GPU_mem     box_om     cls_om     dfl_om     box_oo     cls_oo     dfl_oo  Instances       Size
                   all        100        773      0.499       0.12       0.14     0.0772

      Epoch    GPU_mem     box_om     cls_om     dfl_om     box_oo     cls_oo     dfl_oo  Instances       Size
                   all        100        773      0.342      0.244      0.257       0.13

      Epoch    GPU_mem     box_om     cls_om     dfl_om     box_oo     cls_oo     dfl_oo  Instances       Size
                   all        100        773      0.414       0.28      0.272      0.139

      Epoch    GPU_mem     box_om     cls_om     dfl_om     box_oo     cls_oo     dfl_oo  Instances       Size
                   all        100        773      0.327      0.301      0.284      0.143

      Epoch    GPU_mem     box_om     cls_om     dfl_om     box_oo     cls_oo     dfl_oo  Instances       Size
                   all        100        773      0.438      0.304       0.32       0.16

      Epoch    GPU_mem     box_om     cls_om     dfl_om     box_oo     cls_oo     dfl_oo  Instances       Size
                   all        100        773      0.369      0.257      0.246      0.121

      Epoch    GPU_mem     box_om     cls_om     dfl_om     box_oo     cls_oo     dfl_oo  Instances       Size
                   all        100        773      0.417      0.309      0.297      0.151

      Epoch    GPU_mem     box_om     cls_om     dfl_om     box_oo     cls_oo     dfl_oo  Instances       Size
                   all        100        773      0.555     0.0839       0.11     0.0621

      Epoch    GPU_mem     box_om     cls_om     dfl_om     box_oo     cls_oo     dfl_oo  Instances       Size
                   all        100        773      0.529       0.31      0.339      0.173

      Epoch    GPU_mem     box_om     cls_om     dfl_om     box_oo     cls_oo     dfl_oo  Instances       Size
                   all        100        773      0.429      0.292        0.3      0.158

      Epoch    GPU_mem     box_om     cls_om     dfl_om     box_oo     cls_oo     dfl_oo  Instances       Size
                   all        100        773      0.516       0.36      0.384      0.199

      Epoch    GPU_mem     box_om     cls_om     dfl_om     box_oo     cls_oo     dfl_oo  Instances       Size
                   all        100        773      0.388      0.299      0.278      0.142

      Epoch    GPU_mem     box_om     cls_om     dfl_om     box_oo     cls_oo     dfl_oo  Instances       Size
                   all        100        773      0.481      0.312       0.31      0.158

      Epoch    GPU_mem     box_om     cls_om     dfl_om     box_oo     cls_oo     dfl_oo  Instances       Size
                   all        100        773      0.473       0.39      0.368      0.192

      Epoch    GPU_mem     box_om     cls_om     dfl_om     box_oo     cls_oo     dfl_oo  Instances       Size
                   all        100        773      0.601      0.284      0.321      0.167

      Epoch    GPU_mem     box_om     cls_om     dfl_om     box_oo     cls_oo     dfl_oo  Instances       Size
                   all        100        773      0.539      0.328      0.361      0.186

      Epoch    GPU_mem     box_om     cls_om     dfl_om     box_oo     cls_oo     dfl_oo  Instances       Size
                   all        100        773      0.421      0.291        0.3      0.156

      Epoch    GPU_mem     box_om     cls_om     dfl_om     box_oo     cls_oo     dfl_oo  Instances       Size
                   all        100        773      0.527      0.384      0.372      0.184

      Epoch    GPU_mem     box_om     cls_om     dfl_om     box_oo     cls_oo     dfl_oo  Instances       Size
                   all        100        773      0.465      0.391        0.4      0.212

      Epoch    GPU_mem     box_om     cls_om     dfl_om     box_oo     cls_oo     dfl_oo  Instances       Size
                   all        100        773      0.482      0.375      0.397      0.205

      Epoch    GPU_mem     box_om     cls_om     dfl_om     box_oo     cls_oo     dfl_oo  Instances       Size
                   all        100        773      0.464      0.395      0.395      0.203

      Epoch    GPU_mem     box_om     cls_om     dfl_om     box_oo     cls_oo     dfl_oo  Instances       Size
                   all        100        773      0.508      0.365      0.381        0.2

      Epoch    GPU_mem     box_om     cls_om     dfl_om     box_oo     cls_oo     dfl_oo  Instances       Size
                   all        100        773      0.539      0.367      0.382      0.206

      Epoch    GPU_mem     box_om     cls_om     dfl_om     box_oo     cls_oo     dfl_oo  Instances       Size
                   all        100        773      0.452      0.369       0.37      0.191

      Epoch    GPU_mem     box_om     cls_om     dfl_om     box_oo     cls_oo     dfl_oo  Instances       Size
                   all        100        773      0.512       0.39      0.401      0.211

      Epoch    GPU_mem     box_om     cls_om     dfl_om     box_oo     cls_oo     dfl_oo  Instances       Size
                   all        100        773      0.553      0.343      0.388      0.193

      Epoch    GPU_mem     box_om     cls_om     dfl_om     box_oo     cls_oo     dfl_oo  Instances       Size
                   all        100        773      0.486       0.41      0.419      0.212

      Epoch    GPU_mem     box_om     cls_om     dfl_om     box_oo     cls_oo     dfl_oo  Instances       Size
                   all        100        773      0.472      0.397      0.401      0.209

      Epoch    GPU_mem     box_om     cls_om     dfl_om     box_oo     cls_oo     dfl_oo  Instances       Size
                   all        100        773      0.523      0.407      0.403      0.208

      Epoch    GPU_mem     box_om     cls_om     dfl_om     box_oo     cls_oo     dfl_oo  Instances       Size
                   all        100        773      0.488      0.394      0.404      0.213

      Epoch    GPU_mem     box_om     cls_om     dfl_om     box_oo     cls_oo     dfl_oo  Instances       Size
                   all        100        773      0.531       0.36      0.394      0.203

      Epoch    GPU_mem     box_om     cls_om     dfl_om     box_oo     cls_oo     dfl_oo  Instances       Size
                   all        100        773      0.545      0.402       0.41      0.208

      Epoch    GPU_mem     box_om     cls_om     dfl_om     box_oo     cls_oo     dfl_oo  Instances       Size
                   all        100        773      0.481      0.403      0.401      0.208

      Epoch    GPU_mem     box_om     cls_om     dfl_om     box_oo     cls_oo     dfl_oo  Instances       Size
                   all        100        773      0.448      0.413      0.396      0.202

      Epoch    GPU_mem     box_om     cls_om     dfl_om     box_oo     cls_oo     dfl_oo  Instances       Size
                   all        100        773      0.566      0.382       0.42      0.218

      Epoch    GPU_mem     box_om     cls_om     dfl_om     box_oo     cls_oo     dfl_oo  Instances       Size
                   all        100        773      0.496      0.414      0.413      0.218

      Epoch    GPU_mem     box_om     cls_om     dfl_om     box_oo     cls_oo     dfl_oo  Instances       Size
                   all        100        773      0.492      0.436       0.43       0.22

      Epoch    GPU_mem     box_om     cls_om     dfl_om     box_oo     cls_oo     dfl_oo  Instances       Size
                   all        100        773       0.45      0.398      0.409      0.211

      Epoch    GPU_mem     box_om     cls_om     dfl_om     box_oo     cls_oo     dfl_oo  Instances       Size
                   all        100        773       0.52      0.364      0.416      0.208

      Epoch    GPU_mem     box_om     cls_om     dfl_om     box_oo     cls_oo     dfl_oo  Instances       Size
                   all        100        773      0.492      0.419      0.441      0.228

      Epoch    GPU_mem     box_om     cls_om     dfl_om     box_oo     cls_oo     dfl_oo  Instances       Size
                   all        100        773      0.477      0.412      0.423       0.22

      Epoch    GPU_mem     box_om     cls_om     dfl_om     box_oo     cls_oo     dfl_oo  Instances       Size
                   all        100        773      0.576       0.41      0.449      0.232

      Epoch    GPU_mem     box_om     cls_om     dfl_om     box_oo     cls_oo     dfl_oo  Instances       Size
                   all        100        773      0.524      0.405      0.443      0.228

      Epoch    GPU_mem     box_om     cls_om     dfl_om     box_oo     cls_oo     dfl_oo  Instances       Size
                   all        100        773      0.569      0.424      0.434       0.23

      Epoch    GPU_mem     box_om     cls_om     dfl_om     box_oo     cls_oo     dfl_oo  Instances       Size
                   all        100        773      0.494      0.411      0.416      0.209

      Epoch    GPU_mem     box_om     cls_om     dfl_om     box_oo     cls_oo     dfl_oo  Instances       Size
                   all        100        773      0.532      0.436       0.43      0.225

      Epoch    GPU_mem     box_om     cls_om     dfl_om     box_oo     cls_oo     dfl_oo  Instances       Size
                   all        100        773      0.483      0.468      0.463      0.234

      Epoch    GPU_mem     box_om     cls_om     dfl_om     box_oo     cls_oo     dfl_oo  Instances       Size
                   all        100        773      0.629      0.381      0.434       0.23

      Epoch    GPU_mem     box_om     cls_om     dfl_om     box_oo     cls_oo     dfl_oo  Instances       Size
                   all        100        773      0.493      0.423      0.438      0.229

      Epoch    GPU_mem     box_om     cls_om     dfl_om     box_oo     cls_oo     dfl_oo  Instances       Size
                   all        100        773       0.62      0.362      0.435      0.223

      Epoch    GPU_mem     box_om     cls_om     dfl_om     box_oo     cls_oo     dfl_oo  Instances       Size
                   all        100        773      0.485      0.416      0.433      0.223

      Epoch    GPU_mem     box_om     cls_om     dfl_om     box_oo     cls_oo     dfl_oo  Instances       Size
                   all        100        773      0.656       0.38      0.456      0.229

      Epoch    GPU_mem     box_om     cls_om     dfl_om     box_oo     cls_oo     dfl_oo  Instances       Size
                   all        100        773       0.48      0.439      0.441      0.225

      Epoch    GPU_mem     box_om     cls_om     dfl_om     box_oo     cls_oo     dfl_oo  Instances       Size
                   all        100        773      0.585      0.407      0.454      0.227

      Epoch    GPU_mem     box_om     cls_om     dfl_om     box_oo     cls_oo     dfl_oo  Instances       Size
                   all        100        773      0.492      0.428       0.45      0.229

      Epoch    GPU_mem     box_om     cls_om     dfl_om     box_oo     cls_oo     dfl_oo  Instances       Size
                   all        100        773      0.475      0.443      0.457      0.232

      Epoch    GPU_mem     box_om     cls_om     dfl_om     box_oo     cls_oo     dfl_oo  Instances       Size
                   all        100        773      0.479      0.418      0.443      0.228

      Epoch    GPU_mem     box_om     cls_om     dfl_om     box_oo     cls_oo     dfl_oo  Instances       Size
                   all        100        773       0.58      0.388      0.455      0.235

      Epoch    GPU_mem     box_om     cls_om     dfl_om     box_oo     cls_oo     dfl_oo  Instances       Size
                   all        100        773      0.508      0.457      0.466       0.23

      Epoch    GPU_mem     box_om     cls_om     dfl_om     box_oo     cls_oo     dfl_oo  Instances       Size
                   all        100        773      0.503      0.429      0.445      0.229

      Epoch    GPU_mem     box_om     cls_om     dfl_om     box_oo     cls_oo     dfl_oo  Instances       Size
                   all        100        773      0.494      0.475      0.464       0.24

      Epoch    GPU_mem     box_om     cls_om     dfl_om     box_oo     cls_oo     dfl_oo  Instances       Size
                   all        100        773      0.606      0.435      0.466      0.238

      Epoch    GPU_mem     box_om     cls_om     dfl_om     box_oo     cls_oo     dfl_oo  Instances       Size
                   all        100        773      0.508      0.465      0.473      0.241

      Epoch    GPU_mem     box_om     cls_om     dfl_om     box_oo     cls_oo     dfl_oo  Instances       Size
                   all        100        773      0.504      0.447      0.459      0.238

      Epoch    GPU_mem     box_om     cls_om     dfl_om     box_oo     cls_oo     dfl_oo  Instances       Size
                   all        100        773       0.51      0.455       0.46       0.24

      Epoch    GPU_mem     box_om     cls_om     dfl_om     box_oo     cls_oo     dfl_oo  Instances       Size
                   all        100        773      0.543      0.448      0.478      0.242

      Epoch    GPU_mem     box_om     cls_om     dfl_om     box_oo     cls_oo     dfl_oo  Instances       Size
                   all        100        773      0.497      0.488      0.467      0.244

      Epoch    GPU_mem     box_om     cls_om     dfl_om     box_oo     cls_oo     dfl_oo  Instances       Size
                   all        100        773      0.495      0.477      0.468      0.241

      Epoch    GPU_mem     box_om     cls_om     dfl_om     box_oo     cls_oo     dfl_oo  Instances       Size
                   all        100        773      0.557      0.406       0.47      0.242

      Epoch    GPU_mem     box_om     cls_om     dfl_om     box_oo     cls_oo     dfl_oo  Instances       Size
                   all        100        773      0.498      0.459      0.472      0.239

      Epoch    GPU_mem     box_om     cls_om     dfl_om     box_oo     cls_oo     dfl_oo  Instances       Size
                   all        100        773      0.548      0.433      0.474      0.238

      Epoch    GPU_mem     box_om     cls_om     dfl_om     box_oo     cls_oo     dfl_oo  Instances       Size
                   all        100        773      0.502      0.476      0.479      0.242
Closing dataloader mosaic

      Epoch    GPU_mem     box_om     cls_om     dfl_om     box_oo     cls_oo     dfl_oo  Instances       Size
                   all        100        773      0.497      0.457      0.461       0.24

      Epoch    GPU_mem     box_om     cls_om     dfl_om     box_oo     cls_oo     dfl_oo  Instances       Size
                   all        100        773      0.485      0.454      0.464       0.24

      Epoch    GPU_mem     box_om     cls_om     dfl_om     box_oo     cls_oo     dfl_oo  Instances       Size
                   all        100        773      0.504      0.446      0.458      0.235

      Epoch    GPU_mem     box_om     cls_om     dfl_om     box_oo     cls_oo     dfl_oo  Instances       Size
                   all        100        773      0.539      0.382      0.452      0.236

      Epoch    GPU_mem     box_om     cls_om     dfl_om     box_oo     cls_oo     dfl_oo  Instances       Size
                   all        100        773      0.585      0.382      0.449      0.237

      Epoch    GPU_mem     box_om     cls_om     dfl_om     box_oo     cls_oo     dfl_oo  Instances       Size
                   all        100        773      0.581      0.382      0.453      0.238

      Epoch    GPU_mem     box_om     cls_om     dfl_om     box_oo     cls_oo     dfl_oo  Instances       Size
                   all        100        773      0.639      0.373      0.453      0.237

      Epoch    GPU_mem     box_om     cls_om     dfl_om     box_oo     cls_oo     dfl_oo  Instances       Size
                   all        100        773      0.563      0.377      0.453      0.235

      Epoch    GPU_mem     box_om     cls_om     dfl_om     box_oo     cls_oo     dfl_oo  Instances       Size
                   all        100        773      0.478      0.435      0.456      0.242

      Epoch    GPU_mem     box_om     cls_om     dfl_om     box_oo     cls_oo     dfl_oo  Instances       Size
                   all        100        773      0.579      0.386      0.456      0.243

100 epochs completed in 3.167 hours.
Optimizer stripped from runs/detect/train18/weights/last.pt, 8.3MB
Optimizer stripped from runs/detect/train18/weights/best.pt, 8.3MB

Validating runs/detect/train18/weights/best.pt...
Ultralytics YOLOv8.1.34 🚀 Python-3.9.20 torch-2.0.1+cu117 CUDA:0 (Tesla P100-SXM2-16GB, 16276MiB)
YOLOv10n-dehaze summary (fused): 293 layers, 3952255 parameters, 0 gradients, 15.8 GFLOPs
                   all        100        773      0.501      0.475      0.479      0.242
            pedestrian        100        173      0.492      0.382      0.369      0.153
                   car        100        479      0.546      0.697      0.697      0.413
                   bus        100         49      0.462      0.531      0.519      0.309
               bicycle        100         12      0.436      0.333      0.338      0.109
             motorbike        100         60      0.567      0.433      0.473      0.228
Speed: 1.5ms preprocess, 6.7ms inference, 0.0ms loss, 0.0ms postprocess per image
Results saved to [1mruns/detect/train18[0m
