Mon Mar  3 21:38:07 2025       
+---------------------------------------------------------------------------------------+
| NVIDIA-SMI 535.86.10              Driver Version: 535.86.10    CUDA Version: 12.2     |
|-----------------------------------------+----------------------+----------------------+
| GPU  Name                 Persistence-M | Bus-Id        Disp.A | Volatile Uncorr. ECC |
| Fan  Temp   Perf          Pwr:Usage/Cap |         Memory-Usage | GPU-Util  Compute M. |
|                                         |                      |               MIG M. |
|=========================================+======================+======================|
|   0  Tesla P100-SXM2-16GB           Off | 00000000:00:04.0 Off |                    0 |
| N/A   37C    P0              31W / 300W |      0MiB / 16384MiB |      0%      Default |
|                                         |                      |                  N/A |
+-----------------------------------------+----------------------+----------------------+
                                                                                         
+---------------------------------------------------------------------------------------+
| Processes:                                                                            |
|  GPU   GI   CI        PID   Type   Process name                            GPU Memory |
|        ID   ID                                                             Usage      |
|=======================================================================================|
|  No running processes found                                                           |
+---------------------------------------------------------------------------------------+
# conda environments:
#
base                     /mnt/shared/home/b30ubckb1/miniconda3
nerf                     /mnt/shared/home/b30ubckb1/miniconda3/envs/nerf
yolov10               *  /mnt/shared/home/b30ubckb1/miniconda3/envs/yolov10

New https://pypi.org/project/ultralytics/8.3.82 available 😃 Update with 'pip install -U ultralytics'
Ultralytics YOLOv8.1.34 🚀 Python-3.9.20 torch-2.0.1+cu117 CUDA:0 (Tesla P100-SXM2-16GB, 16276MiB)
[34m[1mengine/trainer: [0mtask=detect, mode=train, model=yolov10n-dehaze-add-head1.yaml, data=data.yaml, epochs=100, time=None, patience=100, batch=32, imgsz=640, save=True, save_period=-1, val_period=1, cache=False, device=None, workers=8, project=None, name=train21, exist_ok=False, pretrained=True, optimizer=auto, verbose=True, seed=0, deterministic=True, single_cls=False, rect=False, cos_lr=False, close_mosaic=10, resume=False, amp=True, fraction=1.0, profile=False, freeze=None, multi_scale=False, overlap_mask=True, mask_ratio=4, dropout=0.0, val=True, split=val, save_json=False, save_hybrid=False, conf=None, iou=0.7, max_det=300, half=False, dnn=False, plots=True, source=None, vid_stride=1, stream_buffer=False, visualize=False, augment=False, agnostic_nms=False, classes=None, retina_masks=False, embed=None, show=False, save_frames=False, save_txt=False, save_conf=False, save_crop=False, show_labels=True, show_conf=True, show_boxes=True, line_width=None, format=torchscript, keras=False, optimize=False, int8=False, dynamic=False, simplify=False, opset=None, workspace=4, nms=False, lr0=0.01, lrf=0.01, momentum=0.937, weight_decay=0.0005, warmup_epochs=3.0, warmup_momentum=0.8, warmup_bias_lr=0.1, box=7.5, cls=0.5, dfl=1.5, pose=12.0, kobj=1.0, label_smoothing=0.0, nbs=64, hsv_h=0.015, hsv_s=0.7, hsv_v=0.4, degrees=0.0, translate=0.1, scale=0.5, shear=0.0, perspective=0.0, flipud=0.0, fliplr=0.5, bgr=0.0, mosaic=1.0, mixup=0.0, copy_paste=0.0, auto_augment=randaugment, erasing=0.4, crop_fraction=1.0, cfg=None, tracker=botsort.yaml, save_dir=runs/detect/train21

                   from  n    params  module                                       arguments                     
  0                  -1  1      1793  ultralytics.nn.modules.block.AODNet          [3, 8]                        
  1                  -1  1      1184  ultralytics.nn.modules.conv.Conv             [8, 16, 3, 2]                 
  2                  -1  1      4672  ultralytics.nn.modules.conv.Conv             [16, 32, 3, 2]                
  3                  -1  1      7360  ultralytics.nn.modules.block.C2f             [32, 32, 1, True]             
  4                  -1  1     18560  ultralytics.nn.modules.conv.Conv             [32, 64, 3, 2]                
  5                  -1  2     49664  ultralytics.nn.modules.block.C2f             [64, 64, 2, True]             
  6                  -1  1      9856  ultralytics.nn.modules.block.SCDown          [64, 128, 3, 2]               
  7                  -1  2    197632  ultralytics.nn.modules.block.C2f             [128, 128, 2, True]           
  8                  -1  1     36096  ultralytics.nn.modules.block.SCDown          [128, 256, 3, 2]              
  9                  -1  1    460288  ultralytics.nn.modules.block.C2f             [256, 256, 1, True]           
 10                  -1  1    164608  ultralytics.nn.modules.block.SPPF            [256, 256, 5]                 
 11                  -1  1    249728  ultralytics.nn.modules.block.PSA             [256, 256]                    
 12                  -1  1         0  torch.nn.modules.upsampling.Upsample         [None, 2, 'nearest']          
 13             [-1, 6]  1         0  ultralytics.nn.modules.conv.Concat           [1]                           
 14                  -1  1    147858  ultralytics.nn.modules.conv.CBAM             [384, 3]                      
 15                  -1  1    148224  ultralytics.nn.modules.block.C2f             [384, 128, 1]                 
 16                  -1  1         0  torch.nn.modules.upsampling.Upsample         [None, 2, 'nearest']          
 17             [-1, 4]  1         0  ultralytics.nn.modules.conv.Concat           [1]                           
 18                  -1  1     37074  ultralytics.nn.modules.conv.CBAM             [192, 3]                      
 19                  -1  1     37248  ultralytics.nn.modules.block.C2f             [192, 64, 1]                  
 20                  -1  1     36992  ultralytics.nn.modules.conv.Conv             [64, 64, 3, 2]                
 21            [-1, 13]  1         0  ultralytics.nn.modules.conv.Concat           [1]                           
 22                  -1  1    156416  ultralytics.nn.modules.block.C2f             [448, 128, 1]                 
 23                  -1  1     18048  ultralytics.nn.modules.block.SCDown          [128, 128, 3, 2]              
 24            [-1, 10]  1         0  ultralytics.nn.modules.conv.Concat           [1]                           
 25                  -1  1    282624  ultralytics.nn.modules.block.C2fCIB          [384, 256, 1, True, True]     
 26        [16, 19, 22]  1    818990  ultralytics.nn.modules.head.v10Detect        [5, [128, 64, 128]]           
YOLOv10n-dehaze-add-head1 summary: 409 layers, 2884915 parameters, 2884899 gradients, 14.3 GFLOPs

Freezing layer 'model.26.dfl.conv.weight'
[34m[1mAMP: [0mrunning Automatic Mixed Precision (AMP) checks with YOLOv8n...
[34m[1mAMP: [0mchecks passed ✅
[34m[1mtrain: [0mWARNING ⚠️ /mnt/shared/home/b30ubckb1/Project_YOLO/datasets/dataset1/images/train/AM_Bing_211.png: ignoring corrupt image/label: Truncated File Read
[34m[1mtrain: [0mWARNING ⚠️ /mnt/shared/home/b30ubckb1/Project_YOLO/datasets/dataset1/images/train/hv2_10.png: ignoring corrupt image/label: non-normalized or out of bounds coordinates [      1.102]
[34m[1mtrain: [0mWARNING ⚠️ /mnt/shared/home/b30ubckb1/Project_YOLO/datasets/dataset1/images/train/hv2_16.png: ignoring corrupt image/label: non-normalized or out of bounds coordinates [     1.0967]
Plotting labels to runs/detect/train21/labels.jpg... 
[34m[1moptimizer:[0m 'optimizer=auto' found, ignoring 'lr0=0.01' and 'momentum=0.937' and determining best 'optimizer', 'lr0' and 'momentum' automatically... 
[34m[1moptimizer:[0m AdamW(lr=0.001111, momentum=0.9) with parameter groups 95 weight(decay=0.0), 118 weight(decay=0.0005), 115 bias(decay=0.0)
Image sizes 640 train, 640 val
Using 8 dataloader workers
Logging results to [1mruns/detect/train21[0m
Starting training for 100 epochs...

      Epoch    GPU_mem     box_om     cls_om     dfl_om     box_oo     cls_oo     dfl_oo  Instances       Size
                   all        100        773   0.000293     0.0184   0.000223   8.26e-05

      Epoch    GPU_mem     box_om     cls_om     dfl_om     box_oo     cls_oo     dfl_oo  Instances       Size
                   all        100        773      0.682     0.0322     0.0249     0.0105

      Epoch    GPU_mem     box_om     cls_om     dfl_om     box_oo     cls_oo     dfl_oo  Instances       Size
                   all        100        773      0.184     0.0701       0.05     0.0233

      Epoch    GPU_mem     box_om     cls_om     dfl_om     box_oo     cls_oo     dfl_oo  Instances       Size
                   all        100        773      0.335      0.058     0.0832     0.0374

      Epoch    GPU_mem     box_om     cls_om     dfl_om     box_oo     cls_oo     dfl_oo  Instances       Size
                   all        100        773      0.288     0.0829      0.079     0.0402

      Epoch    GPU_mem     box_om     cls_om     dfl_om     box_oo     cls_oo     dfl_oo  Instances       Size
                   all        100        773       0.57      0.051     0.0563     0.0309

      Epoch    GPU_mem     box_om     cls_om     dfl_om     box_oo     cls_oo     dfl_oo  Instances       Size
                   all        100        773      0.304     0.0255     0.0296      0.017

      Epoch    GPU_mem     box_om     cls_om     dfl_om     box_oo     cls_oo     dfl_oo  Instances       Size
                   all        100        773      0.251      0.187      0.147     0.0695

      Epoch    GPU_mem     box_om     cls_om     dfl_om     box_oo     cls_oo     dfl_oo  Instances       Size
                   all        100        773      0.529     0.0184     0.0378     0.0205

      Epoch    GPU_mem     box_om     cls_om     dfl_om     box_oo     cls_oo     dfl_oo  Instances       Size
                   all        100        773      0.232      0.115      0.109     0.0593

      Epoch    GPU_mem     box_om     cls_om     dfl_om     box_oo     cls_oo     dfl_oo  Instances       Size
                   all        100        773      0.344      0.213      0.192     0.0976

      Epoch    GPU_mem     box_om     cls_om     dfl_om     box_oo     cls_oo     dfl_oo  Instances       Size
                   all        100        773      0.435      0.163      0.177     0.0918

      Epoch    GPU_mem     box_om     cls_om     dfl_om     box_oo     cls_oo     dfl_oo  Instances       Size
                   all        100        773      0.429      0.289      0.262      0.131

      Epoch    GPU_mem     box_om     cls_om     dfl_om     box_oo     cls_oo     dfl_oo  Instances       Size
                   all        100        773      0.342      0.221        0.2     0.0987

      Epoch    GPU_mem     box_om     cls_om     dfl_om     box_oo     cls_oo     dfl_oo  Instances       Size
                   all        100        773      0.342      0.273      0.249      0.124

      Epoch    GPU_mem     box_om     cls_om     dfl_om     box_oo     cls_oo     dfl_oo  Instances       Size
                   all        100        773      0.353      0.234      0.226      0.108

      Epoch    GPU_mem     box_om     cls_om     dfl_om     box_oo     cls_oo     dfl_oo  Instances       Size
                   all        100        773      0.414      0.114      0.118     0.0656

      Epoch    GPU_mem     box_om     cls_om     dfl_om     box_oo     cls_oo     dfl_oo  Instances       Size
                   all        100        773      0.284      0.225      0.204      0.106

      Epoch    GPU_mem     box_om     cls_om     dfl_om     box_oo     cls_oo     dfl_oo  Instances       Size
                   all        100        773      0.453      0.149      0.157     0.0841

      Epoch    GPU_mem     box_om     cls_om     dfl_om     box_oo     cls_oo     dfl_oo  Instances       Size
                   all        100        773      0.379      0.202      0.216      0.124

      Epoch    GPU_mem     box_om     cls_om     dfl_om     box_oo     cls_oo     dfl_oo  Instances       Size
                   all        100        773       0.44      0.292      0.317      0.167

      Epoch    GPU_mem     box_om     cls_om     dfl_om     box_oo     cls_oo     dfl_oo  Instances       Size
                   all        100        773      0.357      0.213      0.207      0.113

      Epoch    GPU_mem     box_om     cls_om     dfl_om     box_oo     cls_oo     dfl_oo  Instances       Size
                   all        100        773      0.481      0.274      0.277      0.139

      Epoch    GPU_mem     box_om     cls_om     dfl_om     box_oo     cls_oo     dfl_oo  Instances       Size
                   all        100        773      0.323      0.288      0.282       0.15

      Epoch    GPU_mem     box_om     cls_om     dfl_om     box_oo     cls_oo     dfl_oo  Instances       Size
                   all        100        773      0.378      0.315      0.298      0.157

      Epoch    GPU_mem     box_om     cls_om     dfl_om     box_oo     cls_oo     dfl_oo  Instances       Size
                   all        100        773      0.528      0.317      0.304      0.166

      Epoch    GPU_mem     box_om     cls_om     dfl_om     box_oo     cls_oo     dfl_oo  Instances       Size
                   all        100        773      0.431      0.284      0.269       0.14

      Epoch    GPU_mem     box_om     cls_om     dfl_om     box_oo     cls_oo     dfl_oo  Instances       Size
                   all        100        773      0.518      0.229      0.249       0.14

      Epoch    GPU_mem     box_om     cls_om     dfl_om     box_oo     cls_oo     dfl_oo  Instances       Size
                   all        100        773      0.568      0.315      0.327      0.184

      Epoch    GPU_mem     box_om     cls_om     dfl_om     box_oo     cls_oo     dfl_oo  Instances       Size
                   all        100        773      0.489       0.35      0.354      0.192

      Epoch    GPU_mem     box_om     cls_om     dfl_om     box_oo     cls_oo     dfl_oo  Instances       Size
                   all        100        773      0.598      0.304      0.343      0.181

      Epoch    GPU_mem     box_om     cls_om     dfl_om     box_oo     cls_oo     dfl_oo  Instances       Size
                   all        100        773      0.376      0.238      0.237      0.128

      Epoch    GPU_mem     box_om     cls_om     dfl_om     box_oo     cls_oo     dfl_oo  Instances       Size
                   all        100        773      0.445      0.248      0.267      0.146

      Epoch    GPU_mem     box_om     cls_om     dfl_om     box_oo     cls_oo     dfl_oo  Instances       Size
                   all        100        773      0.409      0.361      0.352      0.193

      Epoch    GPU_mem     box_om     cls_om     dfl_om     box_oo     cls_oo     dfl_oo  Instances       Size
                   all        100        773      0.454      0.364      0.333      0.184

      Epoch    GPU_mem     box_om     cls_om     dfl_om     box_oo     cls_oo     dfl_oo  Instances       Size
                   all        100        773      0.329      0.344      0.335      0.175

      Epoch    GPU_mem     box_om     cls_om     dfl_om     box_oo     cls_oo     dfl_oo  Instances       Size
                   all        100        773      0.464      0.325       0.32      0.167

      Epoch    GPU_mem     box_om     cls_om     dfl_om     box_oo     cls_oo     dfl_oo  Instances       Size
                   all        100        773      0.576      0.325      0.367      0.203

      Epoch    GPU_mem     box_om     cls_om     dfl_om     box_oo     cls_oo     dfl_oo  Instances       Size
                   all        100        773      0.537      0.325      0.361      0.205

      Epoch    GPU_mem     box_om     cls_om     dfl_om     box_oo     cls_oo     dfl_oo  Instances       Size
                   all        100        773      0.542      0.332      0.373      0.206

      Epoch    GPU_mem     box_om     cls_om     dfl_om     box_oo     cls_oo     dfl_oo  Instances       Size
                   all        100        773      0.483      0.352      0.357      0.192

      Epoch    GPU_mem     box_om     cls_om     dfl_om     box_oo     cls_oo     dfl_oo  Instances       Size
                   all        100        773      0.555      0.349      0.371      0.197

      Epoch    GPU_mem     box_om     cls_om     dfl_om     box_oo     cls_oo     dfl_oo  Instances       Size
                   all        100        773      0.563      0.333      0.373        0.2

      Epoch    GPU_mem     box_om     cls_om     dfl_om     box_oo     cls_oo     dfl_oo  Instances       Size
                   all        100        773      0.502      0.351      0.366      0.192

      Epoch    GPU_mem     box_om     cls_om     dfl_om     box_oo     cls_oo     dfl_oo  Instances       Size
                   all        100        773      0.413      0.347      0.329       0.17

      Epoch    GPU_mem     box_om     cls_om     dfl_om     box_oo     cls_oo     dfl_oo  Instances       Size
                   all        100        773      0.591      0.347      0.385      0.212

      Epoch    GPU_mem     box_om     cls_om     dfl_om     box_oo     cls_oo     dfl_oo  Instances       Size
                   all        100        773      0.489      0.374      0.396      0.223

      Epoch    GPU_mem     box_om     cls_om     dfl_om     box_oo     cls_oo     dfl_oo  Instances       Size
                   all        100        773      0.516      0.366      0.392      0.214

      Epoch    GPU_mem     box_om     cls_om     dfl_om     box_oo     cls_oo     dfl_oo  Instances       Size
                   all        100        773      0.537      0.379      0.384      0.214

      Epoch    GPU_mem     box_om     cls_om     dfl_om     box_oo     cls_oo     dfl_oo  Instances       Size
                   all        100        773      0.511      0.377      0.388      0.217

      Epoch    GPU_mem     box_om     cls_om     dfl_om     box_oo     cls_oo     dfl_oo  Instances       Size
                   all        100        773      0.511      0.384      0.391       0.21

      Epoch    GPU_mem     box_om     cls_om     dfl_om     box_oo     cls_oo     dfl_oo  Instances       Size
                   all        100        773      0.506      0.395      0.394      0.213

      Epoch    GPU_mem     box_om     cls_om     dfl_om     box_oo     cls_oo     dfl_oo  Instances       Size
                   all        100        773      0.478      0.379       0.39       0.22

      Epoch    GPU_mem     box_om     cls_om     dfl_om     box_oo     cls_oo     dfl_oo  Instances       Size
                   all        100        773      0.566      0.384      0.407      0.227

      Epoch    GPU_mem     box_om     cls_om     dfl_om     box_oo     cls_oo     dfl_oo  Instances       Size
                   all        100        773      0.663      0.378      0.411      0.233

      Epoch    GPU_mem     box_om     cls_om     dfl_om     box_oo     cls_oo     dfl_oo  Instances       Size
                   all        100        773      0.703      0.346      0.401      0.223

      Epoch    GPU_mem     box_om     cls_om     dfl_om     box_oo     cls_oo     dfl_oo  Instances       Size
                   all        100        773      0.555      0.335      0.387      0.213

      Epoch    GPU_mem     box_om     cls_om     dfl_om     box_oo     cls_oo     dfl_oo  Instances       Size
                   all        100        773      0.566      0.425      0.419      0.232

      Epoch    GPU_mem     box_om     cls_om     dfl_om     box_oo     cls_oo     dfl_oo  Instances       Size
                   all        100        773      0.588      0.391      0.408      0.221

      Epoch    GPU_mem     box_om     cls_om     dfl_om     box_oo     cls_oo     dfl_oo  Instances       Size
                   all        100        773      0.629      0.381      0.424      0.243

      Epoch    GPU_mem     box_om     cls_om     dfl_om     box_oo     cls_oo     dfl_oo  Instances       Size
                   all        100        773      0.554      0.365      0.408      0.225

      Epoch    GPU_mem     box_om     cls_om     dfl_om     box_oo     cls_oo     dfl_oo  Instances       Size
                   all        100        773      0.653      0.365      0.412      0.234

      Epoch    GPU_mem     box_om     cls_om     dfl_om     box_oo     cls_oo     dfl_oo  Instances       Size
                   all        100        773      0.517      0.368       0.39      0.212

      Epoch    GPU_mem     box_om     cls_om     dfl_om     box_oo     cls_oo     dfl_oo  Instances       Size
                   all        100        773      0.483      0.394        0.4      0.222

      Epoch    GPU_mem     box_om     cls_om     dfl_om     box_oo     cls_oo     dfl_oo  Instances       Size
                   all        100        773      0.597      0.405      0.417      0.228

      Epoch    GPU_mem     box_om     cls_om     dfl_om     box_oo     cls_oo     dfl_oo  Instances       Size
                   all        100        773      0.594      0.417      0.419      0.232

      Epoch    GPU_mem     box_om     cls_om     dfl_om     box_oo     cls_oo     dfl_oo  Instances       Size
                   all        100        773      0.533      0.394      0.416      0.227

      Epoch    GPU_mem     box_om     cls_om     dfl_om     box_oo     cls_oo     dfl_oo  Instances       Size
                   all        100        773      0.546      0.395      0.418      0.235

      Epoch    GPU_mem     box_om     cls_om     dfl_om     box_oo     cls_oo     dfl_oo  Instances       Size
                   all        100        773      0.627      0.415      0.423       0.23

      Epoch    GPU_mem     box_om     cls_om     dfl_om     box_oo     cls_oo     dfl_oo  Instances       Size
                   all        100        773      0.625      0.405      0.426      0.241

      Epoch    GPU_mem     box_om     cls_om     dfl_om     box_oo     cls_oo     dfl_oo  Instances       Size
                   all        100        773      0.679       0.42      0.439      0.251

      Epoch    GPU_mem     box_om     cls_om     dfl_om     box_oo     cls_oo     dfl_oo  Instances       Size
                   all        100        773      0.598      0.422      0.436      0.252

      Epoch    GPU_mem     box_om     cls_om     dfl_om     box_oo     cls_oo     dfl_oo  Instances       Size
                   all        100        773      0.579       0.41      0.421       0.24

      Epoch    GPU_mem     box_om     cls_om     dfl_om     box_oo     cls_oo     dfl_oo  Instances       Size
                   all        100        773      0.656      0.407      0.433      0.236

      Epoch    GPU_mem     box_om     cls_om     dfl_om     box_oo     cls_oo     dfl_oo  Instances       Size
                   all        100        773      0.646      0.385      0.424      0.234

      Epoch    GPU_mem     box_om     cls_om     dfl_om     box_oo     cls_oo     dfl_oo  Instances       Size
                   all        100        773      0.562      0.403      0.423      0.235

      Epoch    GPU_mem     box_om     cls_om     dfl_om     box_oo     cls_oo     dfl_oo  Instances       Size
                   all        100        773        0.5      0.394      0.415      0.233

      Epoch    GPU_mem     box_om     cls_om     dfl_om     box_oo     cls_oo     dfl_oo  Instances       Size
                   all        100        773      0.521      0.417      0.423      0.234

      Epoch    GPU_mem     box_om     cls_om     dfl_om     box_oo     cls_oo     dfl_oo  Instances       Size
                   all        100        773      0.614      0.385      0.431      0.241

      Epoch    GPU_mem     box_om     cls_om     dfl_om     box_oo     cls_oo     dfl_oo  Instances       Size
                   all        100        773      0.557        0.4      0.432      0.243

      Epoch    GPU_mem     box_om     cls_om     dfl_om     box_oo     cls_oo     dfl_oo  Instances       Size
                   all        100        773      0.658      0.369      0.437      0.243

      Epoch    GPU_mem     box_om     cls_om     dfl_om     box_oo     cls_oo     dfl_oo  Instances       Size
                   all        100        773      0.567      0.404      0.431      0.238

      Epoch    GPU_mem     box_om     cls_om     dfl_om     box_oo     cls_oo     dfl_oo  Instances       Size
                   all        100        773      0.622      0.391      0.433      0.241

      Epoch    GPU_mem     box_om     cls_om     dfl_om     box_oo     cls_oo     dfl_oo  Instances       Size
                   all        100        773      0.605       0.38       0.43       0.24

      Epoch    GPU_mem     box_om     cls_om     dfl_om     box_oo     cls_oo     dfl_oo  Instances       Size
                   all        100        773      0.632       0.38      0.431       0.24

      Epoch    GPU_mem     box_om     cls_om     dfl_om     box_oo     cls_oo     dfl_oo  Instances       Size
                   all        100        773       0.59      0.405      0.432      0.239

      Epoch    GPU_mem     box_om     cls_om     dfl_om     box_oo     cls_oo     dfl_oo  Instances       Size
                   all        100        773      0.516      0.415      0.422       0.23

      Epoch    GPU_mem     box_om     cls_om     dfl_om     box_oo     cls_oo     dfl_oo  Instances       Size
                   all        100        773      0.555      0.414      0.423      0.232

      Epoch    GPU_mem     box_om     cls_om     dfl_om     box_oo     cls_oo     dfl_oo  Instances       Size
                   all        100        773      0.569      0.423      0.443      0.244

      Epoch    GPU_mem     box_om     cls_om     dfl_om     box_oo     cls_oo     dfl_oo  Instances       Size
                   all        100        773      0.603      0.395      0.449      0.252
Closing dataloader mosaic

      Epoch    GPU_mem     box_om     cls_om     dfl_om     box_oo     cls_oo     dfl_oo  Instances       Size
                   all        100        773      0.516      0.402       0.43      0.242

      Epoch    GPU_mem     box_om     cls_om     dfl_om     box_oo     cls_oo     dfl_oo  Instances       Size
                   all        100        773      0.543      0.374      0.427      0.241

      Epoch    GPU_mem     box_om     cls_om     dfl_om     box_oo     cls_oo     dfl_oo  Instances       Size
                   all        100        773      0.501      0.388       0.42      0.235

      Epoch    GPU_mem     box_om     cls_om     dfl_om     box_oo     cls_oo     dfl_oo  Instances       Size
                   all        100        773      0.539      0.362      0.412      0.233

      Epoch    GPU_mem     box_om     cls_om     dfl_om     box_oo     cls_oo     dfl_oo  Instances       Size
                   all        100        773      0.518      0.411      0.421      0.237

      Epoch    GPU_mem     box_om     cls_om     dfl_om     box_oo     cls_oo     dfl_oo  Instances       Size
                   all        100        773      0.594      0.393      0.427      0.242

      Epoch    GPU_mem     box_om     cls_om     dfl_om     box_oo     cls_oo     dfl_oo  Instances       Size
                   all        100        773      0.552      0.403      0.423      0.239

      Epoch    GPU_mem     box_om     cls_om     dfl_om     box_oo     cls_oo     dfl_oo  Instances       Size
                   all        100        773      0.528      0.397      0.427       0.24

      Epoch    GPU_mem     box_om     cls_om     dfl_om     box_oo     cls_oo     dfl_oo  Instances       Size
                   all        100        773       0.52      0.417      0.422      0.239

      Epoch    GPU_mem     box_om     cls_om     dfl_om     box_oo     cls_oo     dfl_oo  Instances       Size
                   all        100        773      0.519      0.424      0.422      0.238

100 epochs completed in 3.286 hours.
Optimizer stripped from runs/detect/train21/weights/last.pt, 6.2MB
Optimizer stripped from runs/detect/train21/weights/best.pt, 6.2MB

Validating runs/detect/train21/weights/best.pt...
Ultralytics YOLOv8.1.34 🚀 Python-3.9.20 torch-2.0.1+cu117 CUDA:0 (Tesla P100-SXM2-16GB, 16276MiB)
YOLOv10n-dehaze-add-head1 summary (fused): 309 layers, 2871395 parameters, 0 gradients, 14.0 GFLOPs
                   all        100        773      0.603      0.398      0.449      0.252
            pedestrian        100        173      0.605      0.301      0.376      0.159
                   car        100        479      0.708      0.674      0.722      0.432
                   bus        100         49      0.625      0.531      0.561      0.332
               bicycle        100         12      0.471      0.167      0.211      0.136
             motorbike        100         60      0.606      0.317      0.375      0.199
Speed: 1.4ms preprocess, 6.7ms inference, 0.0ms loss, 0.0ms postprocess per image
Results saved to [1mruns/detect/train21[0m
